<?xml version="1.0" encoding="UTF-8"?>
<testsuite xmlns:xsi="http://www.w3.org/2001/XMLSchema-instance" xsi:noNamespaceSchemaLocation="https://maven.apache.org/surefire/maven-surefire-plugin/xsd/surefire-test-report.xsd" name="com.application.SpringSqLiteApplicationTests" time="0.448" tests="1" errors="0" skipped="0" failures="0">
  <properties>
    <property name="awt.toolkit" value="sun.awt.X11.XToolkit"/>
    <property name="java.specification.version" value="11"/>
    <property name="sun.cpu.isalist" value=""/>
    <property name="sun.jnu.encoding" value="UTF-8"/>
    <property name="java.class.path" value="/home/votc/spring-thymeleaf-crud-sqlite/target/test-classes:/home/votc/spring-thymeleaf-crud-sqlite/target/classes:/home/votc/.m2/repository/org/springframework/boot/spring-boot-starter-data-jpa/2.1.18.RELEASE/spring-boot-starter-data-jpa-2.1.18.RELEASE.jar:/home/votc/.m2/repository/org/springframework/boot/spring-boot-starter-aop/2.1.18.RELEASE/spring-boot-starter-aop-2.1.18.RELEASE.jar:/home/votc/.m2/repository/org/springframework/spring-aop/5.1.19.RELEASE/spring-aop-5.1.19.RELEASE.jar:/home/votc/.m2/repository/org/aspectj/aspectjweaver/1.9.6/aspectjweaver-1.9.6.jar:/home/votc/.m2/repository/javax/transaction/javax.transaction-api/1.3/javax.transaction-api-1.3.jar:/home/votc/.m2/repository/javax/xml/bind/jaxb-api/2.3.1/jaxb-api-2.3.1.jar:/home/votc/.m2/repository/org/springframework/data/spring-data-jpa/2.1.21.RELEASE/spring-data-jpa-2.1.21.RELEASE.jar:/home/votc/.m2/repository/org/springframework/data/spring-data-commons/2.1.21.RELEASE/spring-data-commons-2.1.21.RELEASE.jar:/home/votc/.m2/repository/org/springframework/spring-orm/5.1.19.RELEASE/spring-orm-5.1.19.RELEASE.jar:/home/votc/.m2/repository/org/springframework/spring-context/5.1.19.RELEASE/spring-context-5.1.19.RELEASE.jar:/home/votc/.m2/repository/org/springframework/spring-tx/5.1.19.RELEASE/spring-tx-5.1.19.RELEASE.jar:/home/votc/.m2/repository/org/springframework/spring-beans/5.1.19.RELEASE/spring-beans-5.1.19.RELEASE.jar:/home/votc/.m2/repository/org/slf4j/slf4j-api/1.7.30/slf4j-api-1.7.30.jar:/home/votc/.m2/repository/org/springframework/spring-aspects/5.1.19.RELEASE/spring-aspects-5.1.19.RELEASE.jar:/home/votc/.m2/repository/org/springframework/boot/spring-boot-starter-jdbc/2.1.18.RELEASE/spring-boot-starter-jdbc-2.1.18.RELEASE.jar:/home/votc/.m2/repository/org/springframework/boot/spring-boot-starter/2.1.18.RELEASE/spring-boot-starter-2.1.18.RELEASE.jar:/home/votc/.m2/repository/org/springframework/boot/spring-boot-starter-logging/2.1.18.RELEASE/spring-boot-starter-logging-2.1.18.RELEASE.jar:/home/votc/.m2/repository/ch/qos/logback/logback-classic/1.2.3/logback-classic-1.2.3.jar:/home/votc/.m2/repository/ch/qos/logback/logback-core/1.2.3/logback-core-1.2.3.jar:/home/votc/.m2/repository/org/apache/logging/log4j/log4j-to-slf4j/2.11.2/log4j-to-slf4j-2.11.2.jar:/home/votc/.m2/repository/org/apache/logging/log4j/log4j-api/2.11.2/log4j-api-2.11.2.jar:/home/votc/.m2/repository/org/slf4j/jul-to-slf4j/1.7.30/jul-to-slf4j-1.7.30.jar:/home/votc/.m2/repository/javax/annotation/javax.annotation-api/1.3.2/javax.annotation-api-1.3.2.jar:/home/votc/.m2/repository/org/yaml/snakeyaml/1.23/snakeyaml-1.23.jar:/home/votc/.m2/repository/com/zaxxer/HikariCP/3.2.0/HikariCP-3.2.0.jar:/home/votc/.m2/repository/org/springframework/spring-jdbc/5.1.19.RELEASE/spring-jdbc-5.1.19.RELEASE.jar:/home/votc/.m2/repository/org/springframework/boot/spring-boot-starter-thymeleaf/2.1.18.RELEASE/spring-boot-starter-thymeleaf-2.1.18.RELEASE.jar:/home/votc/.m2/repository/org/thymeleaf/thymeleaf-spring5/3.0.11.RELEASE/thymeleaf-spring5-3.0.11.RELEASE.jar:/home/votc/.m2/repository/org/thymeleaf/thymeleaf/3.0.11.RELEASE/thymeleaf-3.0.11.RELEASE.jar:/home/votc/.m2/repository/org/attoparser/attoparser/2.0.5.RELEASE/attoparser-2.0.5.RELEASE.jar:/home/votc/.m2/repository/org/unbescape/unbescape/1.1.6.RELEASE/unbescape-1.1.6.RELEASE.jar:/home/votc/.m2/repository/org/thymeleaf/extras/thymeleaf-extras-java8time/3.0.4.RELEASE/thymeleaf-extras-java8time-3.0.4.RELEASE.jar:/home/votc/.m2/repository/org/springframework/boot/spring-boot-starter-web/2.1.18.RELEASE/spring-boot-starter-web-2.1.18.RELEASE.jar:/home/votc/.m2/repository/org/springframework/boot/spring-boot-starter-json/2.1.18.RELEASE/spring-boot-starter-json-2.1.18.RELEASE.jar:/home/votc/.m2/repository/com/fasterxml/jackson/core/jackson-databind/2.9.10.6/jackson-databind-2.9.10.6.jar:/home/votc/.m2/repository/com/fasterxml/jackson/core/jackson-annotations/2.9.10/jackson-annotations-2.9.10.jar:/home/votc/.m2/repository/com/fasterxml/jackson/core/jackson-core/2.9.10/jackson-core-2.9.10.jar:/home/votc/.m2/repository/com/fasterxml/jackson/datatype/jackson-datatype-jdk8/2.9.10/jackson-datatype-jdk8-2.9.10.jar:/home/votc/.m2/repository/com/fasterxml/jackson/datatype/jackson-datatype-jsr310/2.9.10/jackson-datatype-jsr310-2.9.10.jar:/home/votc/.m2/repository/com/fasterxml/jackson/module/jackson-module-parameter-names/2.9.10/jackson-module-parameter-names-2.9.10.jar:/home/votc/.m2/repository/org/springframework/boot/spring-boot-starter-tomcat/2.1.18.RELEASE/spring-boot-starter-tomcat-2.1.18.RELEASE.jar:/home/votc/.m2/repository/org/apache/tomcat/embed/tomcat-embed-core/9.0.39/tomcat-embed-core-9.0.39.jar:/home/votc/.m2/repository/org/apache/tomcat/embed/tomcat-embed-el/9.0.39/tomcat-embed-el-9.0.39.jar:/home/votc/.m2/repository/org/apache/tomcat/embed/tomcat-embed-websocket/9.0.39/tomcat-embed-websocket-9.0.39.jar:/home/votc/.m2/repository/org/hibernate/validator/hibernate-validator/6.0.21.Final/hibernate-validator-6.0.21.Final.jar:/home/votc/.m2/repository/javax/validation/validation-api/2.0.1.Final/validation-api-2.0.1.Final.jar:/home/votc/.m2/repository/org/springframework/spring-web/5.1.19.RELEASE/spring-web-5.1.19.RELEASE.jar:/home/votc/.m2/repository/org/springframework/spring-webmvc/5.1.19.RELEASE/spring-webmvc-5.1.19.RELEASE.jar:/home/votc/.m2/repository/org/springframework/spring-expression/5.1.19.RELEASE/spring-expression-5.1.19.RELEASE.jar:/home/votc/.m2/repository/org/springframework/boot/spring-boot-devtools/2.1.18.RELEASE/spring-boot-devtools-2.1.18.RELEASE.jar:/home/votc/.m2/repository/org/springframework/boot/spring-boot/2.1.18.RELEASE/spring-boot-2.1.18.RELEASE.jar:/home/votc/.m2/repository/org/springframework/boot/spring-boot-autoconfigure/2.1.18.RELEASE/spring-boot-autoconfigure-2.1.18.RELEASE.jar:/home/votc/.m2/repository/org/springframework/boot/spring-boot-starter-test/2.1.18.RELEASE/spring-boot-starter-test-2.1.18.RELEASE.jar:/home/votc/.m2/repository/org/springframework/boot/spring-boot-test/2.1.18.RELEASE/spring-boot-test-2.1.18.RELEASE.jar:/home/votc/.m2/repository/org/springframework/boot/spring-boot-test-autoconfigure/2.1.18.RELEASE/spring-boot-test-autoconfigure-2.1.18.RELEASE.jar:/home/votc/.m2/repository/com/jayway/jsonpath/json-path/2.4.0/json-path-2.4.0.jar:/home/votc/.m2/repository/net/minidev/json-smart/2.3/json-smart-2.3.jar:/home/votc/.m2/repository/net/minidev/accessors-smart/1.2/accessors-smart-1.2.jar:/home/votc/.m2/repository/org/ow2/asm/asm/5.0.4/asm-5.0.4.jar:/home/votc/.m2/repository/junit/junit/4.12/junit-4.12.jar:/home/votc/.m2/repository/org/assertj/assertj-core/3.11.1/assertj-core-3.11.1.jar:/home/votc/.m2/repository/org/mockito/mockito-core/2.23.4/mockito-core-2.23.4.jar:/home/votc/.m2/repository/net/bytebuddy/byte-buddy-agent/1.9.16/byte-buddy-agent-1.9.16.jar:/home/votc/.m2/repository/org/objenesis/objenesis/2.6/objenesis-2.6.jar:/home/votc/.m2/repository/org/hamcrest/hamcrest-core/1.3/hamcrest-core-1.3.jar:/home/votc/.m2/repository/org/hamcrest/hamcrest-library/1.3/hamcrest-library-1.3.jar:/home/votc/.m2/repository/org/skyscreamer/jsonassert/1.5.0/jsonassert-1.5.0.jar:/home/votc/.m2/repository/com/vaadin/external/google/android-json/0.0.20131108.vaadin1/android-json-0.0.20131108.vaadin1.jar:/home/votc/.m2/repository/org/springframework/spring-core/5.1.19.RELEASE/spring-core-5.1.19.RELEASE.jar:/home/votc/.m2/repository/org/springframework/spring-jcl/5.1.19.RELEASE/spring-jcl-5.1.19.RELEASE.jar:/home/votc/.m2/repository/org/springframework/spring-test/5.1.19.RELEASE/spring-test-5.1.19.RELEASE.jar:/home/votc/.m2/repository/org/xmlunit/xmlunit-core/2.6.4/xmlunit-core-2.6.4.jar:/home/votc/.m2/repository/org/springframework/security/spring-security-test/5.1.13.RELEASE/spring-security-test-5.1.13.RELEASE.jar:/home/votc/.m2/repository/org/springframework/security/spring-security-core/5.1.13.RELEASE/spring-security-core-5.1.13.RELEASE.jar:/home/votc/.m2/repository/org/springframework/security/spring-security-web/5.1.13.RELEASE/spring-security-web-5.1.13.RELEASE.jar:/home/votc/.m2/repository/org/hibernate/hibernate-core/5.3.18.Final/hibernate-core-5.3.18.Final.jar:/home/votc/.m2/repository/org/jboss/logging/jboss-logging/3.3.3.Final/jboss-logging-3.3.3.Final.jar:/home/votc/.m2/repository/javax/persistence/javax.persistence-api/2.2/javax.persistence-api-2.2.jar:/home/votc/.m2/repository/org/javassist/javassist/3.23.2-GA/javassist-3.23.2-GA.jar:/home/votc/.m2/repository/net/bytebuddy/byte-buddy/1.9.16/byte-buddy-1.9.16.jar:/home/votc/.m2/repository/antlr/antlr/2.7.7/antlr-2.7.7.jar:/home/votc/.m2/repository/org/jboss/spec/javax/transaction/jboss-transaction-api_1.2_spec/1.1.1.Final/jboss-transaction-api_1.2_spec-1.1.1.Final.jar:/home/votc/.m2/repository/org/jboss/jandex/2.0.5.Final/jandex-2.0.5.Final.jar:/home/votc/.m2/repository/com/fasterxml/classmate/1.4.0/classmate-1.4.0.jar:/home/votc/.m2/repository/javax/activation/javax.activation-api/1.2.0/javax.activation-api-1.2.0.jar:/home/votc/.m2/repository/org/dom4j/dom4j/2.1.3/dom4j-2.1.3.jar:/home/votc/.m2/repository/org/hibernate/common/hibernate-commons-annotations/5.0.4.Final/hibernate-commons-annotations-5.0.4.Final.jar:/home/votc/.m2/repository/org/glassfish/jaxb/jaxb-runtime/2.3.1/jaxb-runtime-2.3.1.jar:/home/votc/.m2/repository/org/glassfish/jaxb/txw2/2.3.1/txw2-2.3.1.jar:/home/votc/.m2/repository/com/sun/istack/istack-commons-runtime/3.0.7/istack-commons-runtime-3.0.7.jar:/home/votc/.m2/repository/org/jvnet/staxex/stax-ex/1.8/stax-ex-1.8.jar:/home/votc/.m2/repository/com/sun/xml/fastinfoset/FastInfoset/1.2.15/FastInfoset-1.2.15.jar:/home/votc/.m2/repository/org/xerial/sqlite-jdbc/3.25.2/sqlite-jdbc-3.25.2.jar:/home/votc/.m2/repository/com/github/gwenn/sqlite-dialect/0.1.0/sqlite-dialect-0.1.0.jar:/home/votc/.m2/repository/org/ini4j/ini4j/0.5.4/ini4j-0.5.4.jar:"/>
    <property name="java.vm.vendor" value="Ubuntu"/>
    <property name="sun.arch.data.model" value="64"/>
    <property name="java.vendor.url" value="https://ubuntu.com/"/>
    <property name="user.timezone" value=""/>
    <property name="java.vm.specification.version" value="11"/>
    <property name="os.name" value="Linux"/>
    <property name="sun.java.launcher" value="SUN_STANDARD"/>
    <property name="sun.boot.library.path" value="/usr/lib/jvm/java-11-openjdk-amd64/lib"/>
    <property name="sun.java.command" value="/home/votc/spring-thymeleaf-crud-sqlite/target/surefire/surefirebooter14011643083221559839.jar /home/votc/spring-thymeleaf-crud-sqlite/target/surefire 2023-06-30T00-38-07_876-jvmRun1 surefire6637461030994685720tmp surefire_011993160003289402552tmp"/>
    <property name="jdk.debug" value="release"/>
    <property name="surefire.test.class.path" value="/home/votc/spring-thymeleaf-crud-sqlite/target/test-classes:/home/votc/spring-thymeleaf-crud-sqlite/target/classes:/home/votc/.m2/repository/org/springframework/boot/spring-boot-starter-data-jpa/2.1.18.RELEASE/spring-boot-starter-data-jpa-2.1.18.RELEASE.jar:/home/votc/.m2/repository/org/springframework/boot/spring-boot-starter-aop/2.1.18.RELEASE/spring-boot-starter-aop-2.1.18.RELEASE.jar:/home/votc/.m2/repository/org/springframework/spring-aop/5.1.19.RELEASE/spring-aop-5.1.19.RELEASE.jar:/home/votc/.m2/repository/org/aspectj/aspectjweaver/1.9.6/aspectjweaver-1.9.6.jar:/home/votc/.m2/repository/javax/transaction/javax.transaction-api/1.3/javax.transaction-api-1.3.jar:/home/votc/.m2/repository/javax/xml/bind/jaxb-api/2.3.1/jaxb-api-2.3.1.jar:/home/votc/.m2/repository/org/springframework/data/spring-data-jpa/2.1.21.RELEASE/spring-data-jpa-2.1.21.RELEASE.jar:/home/votc/.m2/repository/org/springframework/data/spring-data-commons/2.1.21.RELEASE/spring-data-commons-2.1.21.RELEASE.jar:/home/votc/.m2/repository/org/springframework/spring-orm/5.1.19.RELEASE/spring-orm-5.1.19.RELEASE.jar:/home/votc/.m2/repository/org/springframework/spring-context/5.1.19.RELEASE/spring-context-5.1.19.RELEASE.jar:/home/votc/.m2/repository/org/springframework/spring-tx/5.1.19.RELEASE/spring-tx-5.1.19.RELEASE.jar:/home/votc/.m2/repository/org/springframework/spring-beans/5.1.19.RELEASE/spring-beans-5.1.19.RELEASE.jar:/home/votc/.m2/repository/org/slf4j/slf4j-api/1.7.30/slf4j-api-1.7.30.jar:/home/votc/.m2/repository/org/springframework/spring-aspects/5.1.19.RELEASE/spring-aspects-5.1.19.RELEASE.jar:/home/votc/.m2/repository/org/springframework/boot/spring-boot-starter-jdbc/2.1.18.RELEASE/spring-boot-starter-jdbc-2.1.18.RELEASE.jar:/home/votc/.m2/repository/org/springframework/boot/spring-boot-starter/2.1.18.RELEASE/spring-boot-starter-2.1.18.RELEASE.jar:/home/votc/.m2/repository/org/springframework/boot/spring-boot-starter-logging/2.1.18.RELEASE/spring-boot-starter-logging-2.1.18.RELEASE.jar:/home/votc/.m2/repository/ch/qos/logback/logback-classic/1.2.3/logback-classic-1.2.3.jar:/home/votc/.m2/repository/ch/qos/logback/logback-core/1.2.3/logback-core-1.2.3.jar:/home/votc/.m2/repository/org/apache/logging/log4j/log4j-to-slf4j/2.11.2/log4j-to-slf4j-2.11.2.jar:/home/votc/.m2/repository/org/apache/logging/log4j/log4j-api/2.11.2/log4j-api-2.11.2.jar:/home/votc/.m2/repository/org/slf4j/jul-to-slf4j/1.7.30/jul-to-slf4j-1.7.30.jar:/home/votc/.m2/repository/javax/annotation/javax.annotation-api/1.3.2/javax.annotation-api-1.3.2.jar:/home/votc/.m2/repository/org/yaml/snakeyaml/1.23/snakeyaml-1.23.jar:/home/votc/.m2/repository/com/zaxxer/HikariCP/3.2.0/HikariCP-3.2.0.jar:/home/votc/.m2/repository/org/springframework/spring-jdbc/5.1.19.RELEASE/spring-jdbc-5.1.19.RELEASE.jar:/home/votc/.m2/repository/org/springframework/boot/spring-boot-starter-thymeleaf/2.1.18.RELEASE/spring-boot-starter-thymeleaf-2.1.18.RELEASE.jar:/home/votc/.m2/repository/org/thymeleaf/thymeleaf-spring5/3.0.11.RELEASE/thymeleaf-spring5-3.0.11.RELEASE.jar:/home/votc/.m2/repository/org/thymeleaf/thymeleaf/3.0.11.RELEASE/thymeleaf-3.0.11.RELEASE.jar:/home/votc/.m2/repository/org/attoparser/attoparser/2.0.5.RELEASE/attoparser-2.0.5.RELEASE.jar:/home/votc/.m2/repository/org/unbescape/unbescape/1.1.6.RELEASE/unbescape-1.1.6.RELEASE.jar:/home/votc/.m2/repository/org/thymeleaf/extras/thymeleaf-extras-java8time/3.0.4.RELEASE/thymeleaf-extras-java8time-3.0.4.RELEASE.jar:/home/votc/.m2/repository/org/springframework/boot/spring-boot-starter-web/2.1.18.RELEASE/spring-boot-starter-web-2.1.18.RELEASE.jar:/home/votc/.m2/repository/org/springframework/boot/spring-boot-starter-json/2.1.18.RELEASE/spring-boot-starter-json-2.1.18.RELEASE.jar:/home/votc/.m2/repository/com/fasterxml/jackson/core/jackson-databind/2.9.10.6/jackson-databind-2.9.10.6.jar:/home/votc/.m2/repository/com/fasterxml/jackson/core/jackson-annotations/2.9.10/jackson-annotations-2.9.10.jar:/home/votc/.m2/repository/com/fasterxml/jackson/core/jackson-core/2.9.10/jackson-core-2.9.10.jar:/home/votc/.m2/repository/com/fasterxml/jackson/datatype/jackson-datatype-jdk8/2.9.10/jackson-datatype-jdk8-2.9.10.jar:/home/votc/.m2/repository/com/fasterxml/jackson/datatype/jackson-datatype-jsr310/2.9.10/jackson-datatype-jsr310-2.9.10.jar:/home/votc/.m2/repository/com/fasterxml/jackson/module/jackson-module-parameter-names/2.9.10/jackson-module-parameter-names-2.9.10.jar:/home/votc/.m2/repository/org/springframework/boot/spring-boot-starter-tomcat/2.1.18.RELEASE/spring-boot-starter-tomcat-2.1.18.RELEASE.jar:/home/votc/.m2/repository/org/apache/tomcat/embed/tomcat-embed-core/9.0.39/tomcat-embed-core-9.0.39.jar:/home/votc/.m2/repository/org/apache/tomcat/embed/tomcat-embed-el/9.0.39/tomcat-embed-el-9.0.39.jar:/home/votc/.m2/repository/org/apache/tomcat/embed/tomcat-embed-websocket/9.0.39/tomcat-embed-websocket-9.0.39.jar:/home/votc/.m2/repository/org/hibernate/validator/hibernate-validator/6.0.21.Final/hibernate-validator-6.0.21.Final.jar:/home/votc/.m2/repository/javax/validation/validation-api/2.0.1.Final/validation-api-2.0.1.Final.jar:/home/votc/.m2/repository/org/springframework/spring-web/5.1.19.RELEASE/spring-web-5.1.19.RELEASE.jar:/home/votc/.m2/repository/org/springframework/spring-webmvc/5.1.19.RELEASE/spring-webmvc-5.1.19.RELEASE.jar:/home/votc/.m2/repository/org/springframework/spring-expression/5.1.19.RELEASE/spring-expression-5.1.19.RELEASE.jar:/home/votc/.m2/repository/org/springframework/boot/spring-boot-devtools/2.1.18.RELEASE/spring-boot-devtools-2.1.18.RELEASE.jar:/home/votc/.m2/repository/org/springframework/boot/spring-boot/2.1.18.RELEASE/spring-boot-2.1.18.RELEASE.jar:/home/votc/.m2/repository/org/springframework/boot/spring-boot-autoconfigure/2.1.18.RELEASE/spring-boot-autoconfigure-2.1.18.RELEASE.jar:/home/votc/.m2/repository/org/springframework/boot/spring-boot-starter-test/2.1.18.RELEASE/spring-boot-starter-test-2.1.18.RELEASE.jar:/home/votc/.m2/repository/org/springframework/boot/spring-boot-test/2.1.18.RELEASE/spring-boot-test-2.1.18.RELEASE.jar:/home/votc/.m2/repository/org/springframework/boot/spring-boot-test-autoconfigure/2.1.18.RELEASE/spring-boot-test-autoconfigure-2.1.18.RELEASE.jar:/home/votc/.m2/repository/com/jayway/jsonpath/json-path/2.4.0/json-path-2.4.0.jar:/home/votc/.m2/repository/net/minidev/json-smart/2.3/json-smart-2.3.jar:/home/votc/.m2/repository/net/minidev/accessors-smart/1.2/accessors-smart-1.2.jar:/home/votc/.m2/repository/org/ow2/asm/asm/5.0.4/asm-5.0.4.jar:/home/votc/.m2/repository/junit/junit/4.12/junit-4.12.jar:/home/votc/.m2/repository/org/assertj/assertj-core/3.11.1/assertj-core-3.11.1.jar:/home/votc/.m2/repository/org/mockito/mockito-core/2.23.4/mockito-core-2.23.4.jar:/home/votc/.m2/repository/net/bytebuddy/byte-buddy-agent/1.9.16/byte-buddy-agent-1.9.16.jar:/home/votc/.m2/repository/org/objenesis/objenesis/2.6/objenesis-2.6.jar:/home/votc/.m2/repository/org/hamcrest/hamcrest-core/1.3/hamcrest-core-1.3.jar:/home/votc/.m2/repository/org/hamcrest/hamcrest-library/1.3/hamcrest-library-1.3.jar:/home/votc/.m2/repository/org/skyscreamer/jsonassert/1.5.0/jsonassert-1.5.0.jar:/home/votc/.m2/repository/com/vaadin/external/google/android-json/0.0.20131108.vaadin1/android-json-0.0.20131108.vaadin1.jar:/home/votc/.m2/repository/org/springframework/spring-core/5.1.19.RELEASE/spring-core-5.1.19.RELEASE.jar:/home/votc/.m2/repository/org/springframework/spring-jcl/5.1.19.RELEASE/spring-jcl-5.1.19.RELEASE.jar:/home/votc/.m2/repository/org/springframework/spring-test/5.1.19.RELEASE/spring-test-5.1.19.RELEASE.jar:/home/votc/.m2/repository/org/xmlunit/xmlunit-core/2.6.4/xmlunit-core-2.6.4.jar:/home/votc/.m2/repository/org/springframework/security/spring-security-test/5.1.13.RELEASE/spring-security-test-5.1.13.RELEASE.jar:/home/votc/.m2/repository/org/springframework/security/spring-security-core/5.1.13.RELEASE/spring-security-core-5.1.13.RELEASE.jar:/home/votc/.m2/repository/org/springframework/security/spring-security-web/5.1.13.RELEASE/spring-security-web-5.1.13.RELEASE.jar:/home/votc/.m2/repository/org/hibernate/hibernate-core/5.3.18.Final/hibernate-core-5.3.18.Final.jar:/home/votc/.m2/repository/org/jboss/logging/jboss-logging/3.3.3.Final/jboss-logging-3.3.3.Final.jar:/home/votc/.m2/repository/javax/persistence/javax.persistence-api/2.2/javax.persistence-api-2.2.jar:/home/votc/.m2/repository/org/javassist/javassist/3.23.2-GA/javassist-3.23.2-GA.jar:/home/votc/.m2/repository/net/bytebuddy/byte-buddy/1.9.16/byte-buddy-1.9.16.jar:/home/votc/.m2/repository/antlr/antlr/2.7.7/antlr-2.7.7.jar:/home/votc/.m2/repository/org/jboss/spec/javax/transaction/jboss-transaction-api_1.2_spec/1.1.1.Final/jboss-transaction-api_1.2_spec-1.1.1.Final.jar:/home/votc/.m2/repository/org/jboss/jandex/2.0.5.Final/jandex-2.0.5.Final.jar:/home/votc/.m2/repository/com/fasterxml/classmate/1.4.0/classmate-1.4.0.jar:/home/votc/.m2/repository/javax/activation/javax.activation-api/1.2.0/javax.activation-api-1.2.0.jar:/home/votc/.m2/repository/org/dom4j/dom4j/2.1.3/dom4j-2.1.3.jar:/home/votc/.m2/repository/org/hibernate/common/hibernate-commons-annotations/5.0.4.Final/hibernate-commons-annotations-5.0.4.Final.jar:/home/votc/.m2/repository/org/glassfish/jaxb/jaxb-runtime/2.3.1/jaxb-runtime-2.3.1.jar:/home/votc/.m2/repository/org/glassfish/jaxb/txw2/2.3.1/txw2-2.3.1.jar:/home/votc/.m2/repository/com/sun/istack/istack-commons-runtime/3.0.7/istack-commons-runtime-3.0.7.jar:/home/votc/.m2/repository/org/jvnet/staxex/stax-ex/1.8/stax-ex-1.8.jar:/home/votc/.m2/repository/com/sun/xml/fastinfoset/FastInfoset/1.2.15/FastInfoset-1.2.15.jar:/home/votc/.m2/repository/org/xerial/sqlite-jdbc/3.25.2/sqlite-jdbc-3.25.2.jar:/home/votc/.m2/repository/com/github/gwenn/sqlite-dialect/0.1.0/sqlite-dialect-0.1.0.jar:/home/votc/.m2/repository/org/ini4j/ini4j/0.5.4/ini4j-0.5.4.jar:"/>
    <property name="sun.cpu.endian" value="little"/>
    <property name="user.home" value="/home/votc"/>
    <property name="user.language" value="en"/>
    <property name="java.specification.vendor" value="Oracle Corporation"/>
    <property name="java.version.date" value="2023-04-18"/>
    <property name="java.home" value="/usr/lib/jvm/java-11-openjdk-amd64"/>
    <property name="file.separator" value="/"/>
    <property name="basedir" value="/home/votc/spring-thymeleaf-crud-sqlite"/>
    <property name="java.vm.compressedOopsMode" value="32-bit"/>
    <property name="line.separator" value="&#10;"/>
    <property name="java.specification.name" value="Java Platform API Specification"/>
    <property name="java.vm.specification.vendor" value="Oracle Corporation"/>
    <property name="java.awt.graphicsenv" value="sun.awt.X11GraphicsEnvironment"/>
    <property name="surefire.real.class.path" value="/home/votc/spring-thymeleaf-crud-sqlite/target/surefire/surefirebooter14011643083221559839.jar"/>
    <property name="sun.management.compiler" value="HotSpot 64-Bit Tiered Compilers"/>
    <property name="java.runtime.version" value="11.0.19+7-post-Ubuntu-0ubuntu122.04.1"/>
    <property name="user.name" value="votc"/>
    <property name="path.separator" value=":"/>
    <property name="os.version" value="5.15.90.1-microsoft-standard-WSL2"/>
    <property name="java.runtime.name" value="OpenJDK Runtime Environment"/>
    <property name="file.encoding" value="UTF-8"/>
    <property name="java.vm.name" value="OpenJDK 64-Bit Server VM"/>
    <property name="localRepository" value="/home/votc/.m2/repository"/>
    <property name="java.vendor.url.bug" value="https://bugs.launchpad.net/ubuntu/+source/openjdk-lts"/>
    <property name="java.io.tmpdir" value="/tmp"/>
    <property name="java.version" value="11.0.19"/>
    <property name="user.dir" value="/home/votc/spring-thymeleaf-crud-sqlite"/>
    <property name="os.arch" value="amd64"/>
    <property name="java.vm.specification.name" value="Java Virtual Machine Specification"/>
    <property name="java.awt.printerjob" value="sun.print.PSPrinterJob"/>
    <property name="sun.os.patch.level" value="unknown"/>
    <property name="java.library.path" value="/usr/java/packages/lib:/usr/lib/x86_64-linux-gnu/jni:/lib/x86_64-linux-gnu:/usr/lib/x86_64-linux-gnu:/usr/lib/jni:/lib:/usr/lib"/>
    <property name="java.vm.info" value="mixed mode, sharing"/>
    <property name="java.vendor" value="Ubuntu"/>
    <property name="java.vm.version" value="11.0.19+7-post-Ubuntu-0ubuntu122.04.1"/>
    <property name="sun.io.unicode.encoding" value="UnicodeLittle"/>
    <property name="java.class.version" value="55.0"/>
  </properties>
  <testcase name="contextLoads" classname="com.application.SpringSqLiteApplicationTests" time="0.167"/>
</testsuite>